Generated at 2017-09-24 07:35:56 -0400
Mixlib::ShellOut::ShellCommandFailed: service[nagios] (nagios3::nagios_server line 284) had an error: Mixlib::ShellOut::ShellCommandFailed: Expected process to exit with [0], but received '1'
---- Begin output of /usr/bin/systemctl --system start nagios ----
STDOUT: 
STDERR: Job for nagios.service failed because the control process exited with error code. See "systemctl status nagios.service" and "journalctl -xe" for details.
---- End output of /usr/bin/systemctl --system start nagios ----
Ran /usr/bin/systemctl --system start nagios returned 1
/opt/chefdk/embedded/lib/ruby/gems/2.4.0/gems/mixlib-shellout-2.3.2/lib/mixlib/shellout.rb:293:in `invalid!'
/opt/chefdk/embedded/lib/ruby/gems/2.4.0/gems/mixlib-shellout-2.3.2/lib/mixlib/shellout.rb:280:in `error!'
/opt/chefdk/embedded/lib/ruby/gems/2.4.0/gems/chef-13.4.19/lib/chef/mixin/shell_out.rb:130:in `shell_out_with_systems_locale!'
/opt/chefdk/embedded/lib/ruby/gems/2.4.0/gems/chef-13.4.19/lib/chef/provider/service/systemd.rb:104:in `start_service'
/opt/chefdk/embedded/lib/ruby/gems/2.4.0/gems/chef-13.4.19/lib/chef/provider/service.rb:135:in `block in action_start'
/opt/chefdk/embedded/lib/ruby/gems/2.4.0/gems/chef-13.4.19/lib/chef/mixin/why_run.rb:52:in `add_action'
/opt/chefdk/embedded/lib/ruby/gems/2.4.0/gems/chef-13.4.19/lib/chef/provider.rb:202:in `converge_by'
/opt/chefdk/embedded/lib/ruby/gems/2.4.0/gems/chef-13.4.19/lib/chef/provider/service.rb:134:in `action_start'
/opt/chefdk/embedded/lib/ruby/gems/2.4.0/gems/chef-13.4.19/lib/chef/provider.rb:171:in `run_action'
/opt/chefdk/embedded/lib/ruby/gems/2.4.0/gems/chef-13.4.19/lib/chef/resource.rb:591:in `run_action'
/opt/chefdk/embedded/lib/ruby/gems/2.4.0/gems/chef-13.4.19/lib/chef/runner.rb:70:in `run_action'
/opt/chefdk/embedded/lib/ruby/gems/2.4.0/gems/chef-13.4.19/lib/chef/runner.rb:98:in `block (2 levels) in converge'
/opt/chefdk/embedded/lib/ruby/gems/2.4.0/gems/chef-13.4.19/lib/chef/runner.rb:98:in `each'
/opt/chefdk/embedded/lib/ruby/gems/2.4.0/gems/chef-13.4.19/lib/chef/runner.rb:98:in `block in converge'
/opt/chefdk/embedded/lib/ruby/gems/2.4.0/gems/chef-13.4.19/lib/chef/resource_collection/resource_list.rb:94:in `block in execute_each_resource'
/opt/chefdk/embedded/lib/ruby/gems/2.4.0/gems/chef-13.4.19/lib/chef/resource_collection/stepable_iterator.rb:114:in `call_iterator_block'
/opt/chefdk/embedded/lib/ruby/gems/2.4.0/gems/chef-13.4.19/lib/chef/resource_collection/stepable_iterator.rb:85:in `step'
/opt/chefdk/embedded/lib/ruby/gems/2.4.0/gems/chef-13.4.19/lib/chef/resource_collection/stepable_iterator.rb:103:in `iterate'
/opt/chefdk/embedded/lib/ruby/gems/2.4.0/gems/chef-13.4.19/lib/chef/resource_collection/stepable_iterator.rb:55:in `each_with_index'
/opt/chefdk/embedded/lib/ruby/gems/2.4.0/gems/chef-13.4.19/lib/chef/resource_collection/resource_list.rb:92:in `execute_each_resource'
/opt/chefdk/embedded/lib/ruby/gems/2.4.0/gems/chef-13.4.19/lib/chef/runner.rb:97:in `converge'
/opt/chefdk/embedded/lib/ruby/gems/2.4.0/gems/chef-13.4.19/lib/chef/client.rb:715:in `block in converge'
/opt/chefdk/embedded/lib/ruby/gems/2.4.0/gems/chef-13.4.19/lib/chef/client.rb:710:in `catch'
/opt/chefdk/embedded/lib/ruby/gems/2.4.0/gems/chef-13.4.19/lib/chef/client.rb:710:in `converge'
/opt/chefdk/embedded/lib/ruby/gems/2.4.0/gems/chef-13.4.19/lib/chef/client.rb:749:in `converge_and_save'
/opt/chefdk/embedded/lib/ruby/gems/2.4.0/gems/chef-13.4.19/lib/chef/client.rb:286:in `run'
/opt/chefdk/embedded/lib/ruby/gems/2.4.0/gems/chef-13.4.19/lib/chef/application.rb:291:in `block in fork_chef_client'
/opt/chefdk/embedded/lib/ruby/gems/2.4.0/gems/chef-13.4.19/lib/chef/application.rb:279:in `fork'
/opt/chefdk/embedded/lib/ruby/gems/2.4.0/gems/chef-13.4.19/lib/chef/application.rb:279:in `fork_chef_client'
/opt/chefdk/embedded/lib/ruby/gems/2.4.0/gems/chef-13.4.19/lib/chef/application.rb:244:in `block in run_chef_client'
/opt/chefdk/embedded/lib/ruby/gems/2.4.0/gems/chef-13.4.19/lib/chef/local_mode.rb:44:in `with_server_connectivity'
/opt/chefdk/embedded/lib/ruby/gems/2.4.0/gems/chef-13.4.19/lib/chef/application.rb:232:in `run_chef_client'
/opt/chefdk/embedded/lib/ruby/gems/2.4.0/gems/chef-13.4.19/lib/chef/application/client.rb:469:in `sleep_then_run_chef_client'
/opt/chefdk/embedded/lib/ruby/gems/2.4.0/gems/chef-13.4.19/lib/chef/application/client.rb:458:in `block in interval_run_chef_client'
/opt/chefdk/embedded/lib/ruby/gems/2.4.0/gems/chef-13.4.19/lib/chef/application/client.rb:457:in `loop'
/opt/chefdk/embedded/lib/ruby/gems/2.4.0/gems/chef-13.4.19/lib/chef/application/client.rb:457:in `interval_run_chef_client'
/opt/chefdk/embedded/lib/ruby/gems/2.4.0/gems/chef-13.4.19/lib/chef/application/client.rb:441:in `run_application'
/opt/chefdk/embedded/lib/ruby/gems/2.4.0/gems/chef-13.4.19/lib/chef/application.rb:59:in `run'
/opt/chefdk/embedded/lib/ruby/gems/2.4.0/gems/chef-13.4.19/lib/chef/application/solo.rb:225:in `run'
/opt/chefdk/embedded/lib/ruby/gems/2.4.0/gems/chef-13.4.19/bin/chef-solo:25:in `<top (required)>'
/usr/bin/chef-solo:267:in `load'
/usr/bin/chef-solo:267:in `<main>'

>>>> Caused by Mixlib::ShellOut::ShellCommandFailed: Expected process to exit with [0], but received '1'
---- Begin output of /usr/bin/systemctl --system start nagios ----
STDOUT: 
STDERR: Job for nagios.service failed because the control process exited with error code. See "systemctl status nagios.service" and "journalctl -xe" for details.
---- End output of /usr/bin/systemctl --system start nagios ----
Ran /usr/bin/systemctl --system start nagios returned 1
/opt/chefdk/embedded/lib/ruby/gems/2.4.0/gems/mixlib-shellout-2.3.2/lib/mixlib/shellout.rb:293:in `invalid!'
/opt/chefdk/embedded/lib/ruby/gems/2.4.0/gems/mixlib-shellout-2.3.2/lib/mixlib/shellout.rb:280:in `error!'
/opt/chefdk/embedded/lib/ruby/gems/2.4.0/gems/chef-13.4.19/lib/chef/mixin/shell_out.rb:130:in `shell_out_with_systems_locale!'
/opt/chefdk/embedded/lib/ruby/gems/2.4.0/gems/chef-13.4.19/lib/chef/provider/service/systemd.rb:104:in `start_service'
/opt/chefdk/embedded/lib/ruby/gems/2.4.0/gems/chef-13.4.19/lib/chef/provider/service.rb:135:in `block in action_start'
/opt/chefdk/embedded/lib/ruby/gems/2.4.0/gems/chef-13.4.19/lib/chef/mixin/why_run.rb:52:in `add_action'
/opt/chefdk/embedded/lib/ruby/gems/2.4.0/gems/chef-13.4.19/lib/chef/provider.rb:202:in `converge_by'
/opt/chefdk/embedded/lib/ruby/gems/2.4.0/gems/chef-13.4.19/lib/chef/provider/service.rb:134:in `action_start'
/opt/chefdk/embedded/lib/ruby/gems/2.4.0/gems/chef-13.4.19/lib/chef/provider.rb:171:in `run_action'
/opt/chefdk/embedded/lib/ruby/gems/2.4.0/gems/chef-13.4.19/lib/chef/resource.rb:591:in `run_action'
/opt/chefdk/embedded/lib/ruby/gems/2.4.0/gems/chef-13.4.19/lib/chef/runner.rb:70:in `run_action'
/opt/chefdk/embedded/lib/ruby/gems/2.4.0/gems/chef-13.4.19/lib/chef/runner.rb:98:in `block (2 levels) in converge'
/opt/chefdk/embedded/lib/ruby/gems/2.4.0/gems/chef-13.4.19/lib/chef/runner.rb:98:in `each'
/opt/chefdk/embedded/lib/ruby/gems/2.4.0/gems/chef-13.4.19/lib/chef/runner.rb:98:in `block in converge'
/opt/chefdk/embedded/lib/ruby/gems/2.4.0/gems/chef-13.4.19/lib/chef/resource_collection/resource_list.rb:94:in `block in execute_each_resource'
/opt/chefdk/embedded/lib/ruby/gems/2.4.0/gems/chef-13.4.19/lib/chef/resource_collection/stepable_iterator.rb:114:in `call_iterator_block'
/opt/chefdk/embedded/lib/ruby/gems/2.4.0/gems/chef-13.4.19/lib/chef/resource_collection/stepable_iterator.rb:85:in `step'
/opt/chefdk/embedded/lib/ruby/gems/2.4.0/gems/chef-13.4.19/lib/chef/resource_collection/stepable_iterator.rb:103:in `iterate'
/opt/chefdk/embedded/lib/ruby/gems/2.4.0/gems/chef-13.4.19/lib/chef/resource_collection/stepable_iterator.rb:55:in `each_with_index'
/opt/chefdk/embedded/lib/ruby/gems/2.4.0/gems/chef-13.4.19/lib/chef/resource_collection/resource_list.rb:92:in `execute_each_resource'
/opt/chefdk/embedded/lib/ruby/gems/2.4.0/gems/chef-13.4.19/lib/chef/runner.rb:97:in `converge'
/opt/chefdk/embedded/lib/ruby/gems/2.4.0/gems/chef-13.4.19/lib/chef/client.rb:715:in `block in converge'
/opt/chefdk/embedded/lib/ruby/gems/2.4.0/gems/chef-13.4.19/lib/chef/client.rb:710:in `catch'
/opt/chefdk/embedded/lib/ruby/gems/2.4.0/gems/chef-13.4.19/lib/chef/client.rb:710:in `converge'
/opt/chefdk/embedded/lib/ruby/gems/2.4.0/gems/chef-13.4.19/lib/chef/client.rb:749:in `converge_and_save'
/opt/chefdk/embedded/lib/ruby/gems/2.4.0/gems/chef-13.4.19/lib/chef/client.rb:286:in `run'
/opt/chefdk/embedded/lib/ruby/gems/2.4.0/gems/chef-13.4.19/lib/chef/application.rb:291:in `block in fork_chef_client'
/opt/chefdk/embedded/lib/ruby/gems/2.4.0/gems/chef-13.4.19/lib/chef/application.rb:279:in `fork'
/opt/chefdk/embedded/lib/ruby/gems/2.4.0/gems/chef-13.4.19/lib/chef/application.rb:279:in `fork_chef_client'
/opt/chefdk/embedded/lib/ruby/gems/2.4.0/gems/chef-13.4.19/lib/chef/application.rb:244:in `block in run_chef_client'
/opt/chefdk/embedded/lib/ruby/gems/2.4.0/gems/chef-13.4.19/lib/chef/local_mode.rb:44:in `with_server_connectivity'
/opt/chefdk/embedded/lib/ruby/gems/2.4.0/gems/chef-13.4.19/lib/chef/application.rb:232:in `run_chef_client'
/opt/chefdk/embedded/lib/ruby/gems/2.4.0/gems/chef-13.4.19/lib/chef/application/client.rb:469:in `sleep_then_run_chef_client'
/opt/chefdk/embedded/lib/ruby/gems/2.4.0/gems/chef-13.4.19/lib/chef/application/client.rb:458:in `block in interval_run_chef_client'
/opt/chefdk/embedded/lib/ruby/gems/2.4.0/gems/chef-13.4.19/lib/chef/application/client.rb:457:in `loop'
/opt/chefdk/embedded/lib/ruby/gems/2.4.0/gems/chef-13.4.19/lib/chef/application/client.rb:457:in `interval_run_chef_client'
/opt/chefdk/embedded/lib/ruby/gems/2.4.0/gems/chef-13.4.19/lib/chef/application/client.rb:441:in `run_application'
/opt/chefdk/embedded/lib/ruby/gems/2.4.0/gems/chef-13.4.19/lib/chef/application.rb:59:in `run'
/opt/chefdk/embedded/lib/ruby/gems/2.4.0/gems/chef-13.4.19/lib/chef/application/solo.rb:225:in `run'
/opt/chefdk/embedded/lib/ruby/gems/2.4.0/gems/chef-13.4.19/bin/chef-solo:25:in `<top (required)>'
/usr/bin/chef-solo:267:in `load'
/usr/bin/chef-solo:267:in `<main>'